[0219/204136.601:ERROR:process_reader_win.cc(151)] SuspendThread: Acceso denegado. (0x5)
[0219/204136.609:ERROR:process_reader_win.cc(123)] NtOpenThread: {Acceso denegado} Un proceso ha solicitado acceso a un objeto, pero no se le han concedido esos derechos de acceso. (0xc0000022)
[0219/204136.635:ERROR:exception_snapshot_win.cc(88)] thread ID 3152 not found in process
[0219/204136.624:ERROR:process_reader_win.cc(123)] NtOpenThread: {Acceso denegado} Un proceso ha solicitado acceso a un objeto, pero no se le han concedido esos derechos de acceso. (0xc0000022)
[0219/204136.636:ERROR:exception_snapshot_win.cc(88)] thread ID 11896 not found in process
[0307/064416.503:ERROR:process_reader_win.cc(123)] NtOpenThread: {Access Denied} A process has requested access to an object, but has not been granted those access rights. (0xc0000022)
[0307/064416.548:ERROR:exception_snapshot_win.cc(88)] thread ID 14348 not found in process
[0307/064416.502:ERROR:process_reader_win.cc(123)] NtOpenThread: {Access Denied} A process has requested access to an object, but has not been granted those access rights. (0xc0000022)
[0307/064416.548:ERROR:exception_snapshot_win.cc(88)] thread ID 15292 not found in process
[0307/064735.848:ERROR:process_reader_win.cc(123)] NtOpenThread: {Access Denied} A process has requested access to an object, but has not been granted those access rights. (0xc0000022)
[0307/064735.850:ERROR:exception_snapshot_win.cc(88)] thread ID 15632 not found in process
[0307/064735.882:ERROR:process_reader_win.cc(123)] NtOpenThread: {Access Denied} A process has requested access to an object, but has not been granted those access rights. (0xc0000022)
[0307/064735.884:ERROR:exception_snapshot_win.cc(88)] thread ID 12188 not found in process
[0307/070750.730:ERROR:process_reader_win.cc(123)] NtOpenThread: {Access Denied} A process has requested access to an object, but has not been granted those access rights. (0xc0000022)
[0307/070750.731:ERROR:process_reader_win.cc(123)] NtOpenThread: {Access Denied} A process has requested access to an object, but has not been granted those access rights. (0xc0000022)
[0307/070750.822:ERROR:exception_snapshot_win.cc(88)] thread ID 11848 not found in process
[0307/070750.822:ERROR:exception_snapshot_win.cc(88)] thread ID 3668 not found in process
[0307/072247.064:ERROR:process_reader_win.cc(123)] NtOpenThread: {Access Denied} A process has requested access to an object, but has not been granted those access rights. (0xc0000022)
[0307/072247.077:ERROR:process_reader_win.cc(123)] NtOpenThread: {Access Denied} A process has requested access to an object, but has not been granted those access rights. (0xc0000022)
[0307/072247.094:ERROR:exception_snapshot_win.cc(88)] thread ID 16268 not found in process
[0307/072247.094:ERROR:exception_snapshot_win.cc(88)] thread ID 3264 not found in process
[0307/072630.296:ERROR:process_reader_win.cc(123)] NtOpenThread: {Access Denied} A process has requested access to an object, but has not been granted those access rights. (0xc0000022)
[0307/072630.285:ERROR:process_reader_win.cc(123)] NtOpenThread: {Access Denied} A process has requested access to an object, but has not been granted those access rights. (0xc0000022)
[0307/072630.415:ERROR:exception_snapshot_win.cc(88)] thread ID 3032 not found in process
[0307/072630.415:ERROR:exception_snapshot_win.cc(88)] thread ID 8624 not found in process
[0307/072944.857:ERROR:process_reader_win.cc(123)] NtOpenThread: {Access Denied} A process has requested access to an object, but has not been granted those access rights. (0xc0000022)
[0307/072944.859:ERROR:process_reader_win.cc(123)] NtOpenThread: {Access Denied} A process has requested access to an object, but has not been granted those access rights. (0xc0000022)
[0307/072944.890:ERROR:exception_snapshot_win.cc(88)] thread ID 13092 not found in process
[0307/072944.890:ERROR:exception_snapshot_win.cc(88)] thread ID 2148 not found in process
[0307/073425.071:ERROR:process_reader_win.cc(123)] NtOpenThread: {Access Denied} A process has requested access to an object, but has not been granted those access rights. (0xc0000022)
[0307/073425.115:ERROR:process_reader_win.cc(123)] NtOpenThread: {Access Denied} A process has requested access to an object, but has not been granted those access rights. (0xc0000022)
[0307/073425.136:ERROR:exception_snapshot_win.cc(88)] thread ID 5816 not found in process
[0307/073425.136:ERROR:exception_snapshot_win.cc(88)] thread ID 8632 not found in process
[0307/073644.801:ERROR:process_reader_win.cc(123)] NtOpenThread: {Access Denied} A process has requested access to an object, but has not been granted those access rights. (0xc0000022)
[0307/073644.803:ERROR:exception_snapshot_win.cc(88)] thread ID 17132 not found in process
[0307/073644.803:ERROR:process_reader_win.cc(123)] NtOpenThread: {Access Denied} A process has requested access to an object, but has not been granted those access rights. (0xc0000022)
[0307/073644.805:ERROR:exception_snapshot_win.cc(88)] thread ID 11592 not found in process
[0307/074047.694:ERROR:process_reader_win.cc(123)] NtOpenThread: {Access Denied} A process has requested access to an object, but has not been granted those access rights. (0xc0000022)
[0307/074047.719:ERROR:exception_snapshot_win.cc(88)] thread ID 3948 not found in process
[0307/074047.721:ERROR:process_reader_win.cc(123)] NtOpenThread: {Access Denied} A process has requested access to an object, but has not been granted those access rights. (0xc0000022)
[0307/074047.723:ERROR:exception_snapshot_win.cc(88)] thread ID 9504 not found in process
[0307/074323.829:ERROR:process_reader_win.cc(123)] NtOpenThread: {Access Denied} A process has requested access to an object, but has not been granted those access rights. (0xc0000022)
[0307/074323.843:ERROR:exception_snapshot_win.cc(88)] thread ID 8632 not found in process
[0307/074323.838:ERROR:process_reader_win.cc(123)] NtOpenThread: {Access Denied} A process has requested access to an object, but has not been granted those access rights. (0xc0000022)
[0307/074323.843:ERROR:exception_snapshot_win.cc(88)] thread ID 13860 not found in process
[0307/134520.738:ERROR:process_reader_win.cc(123)] NtOpenThread: {Access Denied} A process has requested access to an object, but has not been granted those access rights. (0xc0000022)
[0307/134520.795:ERROR:exception_snapshot_win.cc(88)] thread ID 14320 not found in process
[0307/134520.774:ERROR:process_reader_win.cc(123)] NtOpenThread: {Access Denied} A process has requested access to an object, but has not been granted those access rights. (0xc0000022)
[0307/134520.795:ERROR:exception_snapshot_win.cc(88)] thread ID 6884 not found in process
[0307/140152.920:ERROR:process_reader_win.cc(123)] NtOpenThread: {Access Denied} A process has requested access to an object, but has not been granted those access rights. (0xc0000022)
[0307/140152.920:ERROR:process_reader_win.cc(123)] NtOpenThread: {Access Denied} A process has requested access to an object, but has not been granted those access rights. (0xc0000022)
[0307/140152.950:ERROR:exception_snapshot_win.cc(88)] thread ID 12568 not found in process
[0307/140152.950:ERROR:exception_snapshot_win.cc(88)] thread ID 15892 not found in process
[0307/140501.430:ERROR:process_reader_win.cc(123)] NtOpenThread: {Access Denied} A process has requested access to an object, but has not been granted those access rights. (0xc0000022)
[0307/140501.459:ERROR:exception_snapshot_win.cc(88)] thread ID 5408 not found in process
[0307/140501.459:ERROR:process_reader_win.cc(123)] NtOpenThread: {Access Denied} A process has requested access to an object, but has not been granted those access rights. (0xc0000022)
[0307/140501.461:ERROR:exception_snapshot_win.cc(88)] thread ID 1308 not found in process
[0307/140820.960:ERROR:process_reader_win.cc(123)] NtOpenThread: {Access Denied} A process has requested access to an object, but has not been granted those access rights. (0xc0000022)
[0307/140820.951:ERROR:process_reader_win.cc(123)] NtOpenThread: {Access Denied} A process has requested access to an object, but has not been granted those access rights. (0xc0000022)
[0307/140821.023:ERROR:exception_snapshot_win.cc(88)] thread ID 13388 not found in process
[0307/140821.023:ERROR:exception_snapshot_win.cc(88)] thread ID 17336 not found in process
[0307/141803.600:ERROR:process_reader_win.cc(123)] NtOpenThread: {Access Denied} A process has requested access to an object, but has not been granted those access rights. (0xc0000022)
[0307/141803.606:ERROR:exception_snapshot_win.cc(88)] thread ID 10472 not found in process
[0307/141803.629:ERROR:process_reader_win.cc(123)] NtOpenThread: {Access Denied} A process has requested access to an object, but has not been granted those access rights. (0xc0000022)
[0307/141803.631:ERROR:exception_snapshot_win.cc(88)] thread ID 13856 not found in process
[0307/142134.342:ERROR:process_reader_win.cc(123)] NtOpenThread: {Access Denied} A process has requested access to an object, but has not been granted those access rights. (0xc0000022)
[0307/142134.342:ERROR:process_reader_win.cc(123)] NtOpenThread: {Access Denied} A process has requested access to an object, but has not been granted those access rights. (0xc0000022)
[0307/142134.371:ERROR:exception_snapshot_win.cc(88)] thread ID 16844 not found in process
[0307/142134.371:ERROR:exception_snapshot_win.cc(88)] thread ID 8460 not found in process
[0307/142711.135:ERROR:process_reader_win.cc(123)] NtOpenThread: {Access Denied} A process has requested access to an object, but has not been granted those access rights. (0xc0000022)
[0307/142711.135:ERROR:process_reader_win.cc(123)] NtOpenThread: {Access Denied} A process has requested access to an object, but has not been granted those access rights. (0xc0000022)
[0307/142711.164:ERROR:exception_snapshot_win.cc(88)] thread ID 1128 not found in process
[0307/142711.164:ERROR:exception_snapshot_win.cc(88)] thread ID 13568 not found in process
[0307/143048.450:ERROR:process_reader_win.cc(123)] NtOpenThread: {Access Denied} A process has requested access to an object, but has not been granted those access rights. (0xc0000022)
[0307/143048.452:ERROR:exception_snapshot_win.cc(88)] thread ID 7768 not found in process
[0307/143048.451:ERROR:process_reader_win.cc(123)] NtOpenThread: {Access Denied} A process has requested access to an object, but has not been granted those access rights. (0xc0000022)
[0307/143048.453:ERROR:exception_snapshot_win.cc(88)] thread ID 8984 not found in process
[0307/152352.082:ERROR:process_reader_win.cc(123)] NtOpenThread: {Access Denied} A process has requested access to an object, but has not been granted those access rights. (0xc0000022)
[0307/152352.088:ERROR:process_reader_win.cc(123)] NtOpenThread: {Access Denied} A process has requested access to an object, but has not been granted those access rights. (0xc0000022)
[0307/152352.112:ERROR:exception_snapshot_win.cc(88)] thread ID 10676 not found in process
[0307/152352.112:ERROR:exception_snapshot_win.cc(88)] thread ID 1908 not found in process
[0307/155252.510:ERROR:process_reader_win.cc(123)] NtOpenThread: {Access Denied} A process has requested access to an object, but has not been granted those access rights. (0xc0000022)
[0307/155252.513:ERROR:process_reader_win.cc(123)] NtOpenThread: {Access Denied} A process has requested access to an object, but has not been granted those access rights. (0xc0000022)
[0307/155252.534:ERROR:exception_snapshot_win.cc(88)] thread ID 16500 not found in process
[0307/155252.534:ERROR:exception_snapshot_win.cc(88)] thread ID 12128 not found in process
[0307/155653.924:ERROR:process_reader_win.cc(123)] NtOpenThread: {Access Denied} A process has requested access to an object, but has not been granted those access rights. (0xc0000022)
[0307/155653.926:ERROR:exception_snapshot_win.cc(88)] thread ID 12960 not found in process
[0307/155653.928:ERROR:process_reader_win.cc(123)] NtOpenThread: {Access Denied} A process has requested access to an object, but has not been granted those access rights. (0xc0000022)
[0307/155653.930:ERROR:exception_snapshot_win.cc(88)] thread ID 4796 not found in process
[0315/032401.195:ERROR:process_reader_win.cc(123)] NtOpenThread: {Access Denied} A process has requested access to an object, but has not been granted those access rights. (0xc0000022)
[0315/032401.219:ERROR:exception_snapshot_win.cc(88)] thread ID 3440 not found in process
[0315/055933.750:ERROR:process_reader_win.cc(123)] NtOpenThread: {Access Denied} A process has requested access to an object, but has not been granted those access rights. (0xc0000022)
[0315/055933.788:ERROR:process_reader_win.cc(123)] NtOpenThread: {Access Denied} A process has requested access to an object, but has not been granted those access rights. (0xc0000022)
[0315/055933.839:ERROR:exception_snapshot_win.cc(88)] thread ID 5264 not found in process
[0315/055933.839:ERROR:exception_snapshot_win.cc(88)] thread ID 9836 not found in process
[0315/055937.729:ERROR:process_reader_win.cc(151)] SuspendThread: Access is denied. (0x5)
[0315/055937.730:ERROR:process_reader_win.cc(151)] SuspendThread: Access is denied. (0x5)
[0315/055937.730:ERROR:process_reader_win.cc(151)] SuspendThread: Access is denied. (0x5)
[0315/055937.730:ERROR:process_reader_win.cc(151)] SuspendThread: Access is denied. (0x5)
[0315/055937.730:ERROR:process_reader_win.cc(123)] NtOpenThread: {Access Denied} A process has requested access to an object, but has not been granted those access rights. (0xc0000022)
[0315/055937.731:ERROR:exception_snapshot_win.cc(88)] thread ID 13168 not found in process
[0315/060013.592:ERROR:process_reader_win.cc(151)] SuspendThread: Access is denied. (0x5)
[0315/060013.593:ERROR:process_reader_win.cc(151)] SuspendThread: Access is denied. (0x5)
[0315/060013.593:ERROR:process_reader_win.cc(151)] SuspendThread: Access is denied. (0x5)
[0315/060013.593:ERROR:process_reader_win.cc(151)] SuspendThread: Access is denied. (0x5)
[0315/060013.593:ERROR:process_reader_win.cc(151)] SuspendThread: Access is denied. (0x5)
[0315/060013.593:ERROR:process_reader_win.cc(151)] SuspendThread: Access is denied. (0x5)
[0315/060013.594:ERROR:process_reader_win.cc(151)] SuspendThread: Access is denied. (0x5)
[0315/060013.594:ERROR:process_reader_win.cc(151)] SuspendThread: Access is denied. (0x5)
[0315/060013.594:ERROR:process_reader_win.cc(151)] SuspendThread: Access is denied. (0x5)
[0315/060013.594:ERROR:process_reader_win.cc(151)] SuspendThread: Access is denied. (0x5)
[0315/060013.594:ERROR:process_reader_win.cc(151)] SuspendThread: Access is denied. (0x5)
[0315/060013.594:ERROR:process_reader_win.cc(123)] NtOpenThread: {Access Denied} A process has requested access to an object, but has not been granted those access rights. (0xc0000022)
[0315/060013.726:ERROR:exception_snapshot_win.cc(88)] thread ID 13032 not found in process
[0315/060013.947:ERROR:process_reader_win.cc(123)] NtOpenThread: {Access Denied} A process has requested access to an object, but has not been granted those access rights. (0xc0000022)
[0315/060014.009:ERROR:exception_snapshot_win.cc(88)] thread ID 13828 not found in process
[0315/061324.713:ERROR:process_reader_win.cc(123)] NtOpenThread: {Access Denied} A process has requested access to an object, but has not been granted those access rights. (0xc0000022)
[0315/061324.810:ERROR:exception_snapshot_win.cc(88)] thread ID 13836 not found in process
[0315/070959.897:ERROR:process_reader_win.cc(123)] NtOpenThread: {Access Denied} A process has requested access to an object, but has not been granted those access rights. (0xc0000022)
[0315/070959.964:ERROR:exception_snapshot_win.cc(88)] thread ID 3248 not found in process
[0315/181006.665:ERROR:process_reader_win.cc(123)] NtOpenThread: {Access Denied} A process has requested access to an object, but has not been granted those access rights. (0xc0000022)
[0315/181006.756:ERROR:exception_snapshot_win.cc(88)] thread ID 9152 not found in process
[0330/110822.495:ERROR:process_reader_win.cc(123)] NtOpenThread: {Access Denied} A process has requested access to an object, but has not been granted those access rights. (0xc0000022)
[0330/110822.601:ERROR:exception_snapshot_win.cc(98)] thread ID 5668 not found in process
[0401/153832.734:ERROR:process_reader_win.cc(123)] NtOpenThread: {Access Denied} A process has requested access to an object, but has not been granted those access rights. (0xc0000022)
[0401/153832.788:ERROR:exception_snapshot_win.cc(98)] thread ID 4168 not found in process
[0401/170431.212:ERROR:process_reader_win.cc(123)] NtOpenThread: {Access Denied} A process has requested access to an object, but has not been granted those access rights. (0xc0000022)
[0401/170431.313:ERROR:exception_snapshot_win.cc(98)] thread ID 7316 not found in process
[0401/171043.551:ERROR:process_reader_win.cc(123)] NtOpenThread: {Access Denied} A process has requested access to an object, but has not been granted those access rights. (0xc0000022)
[0401/171043.598:ERROR:exception_snapshot_win.cc(98)] thread ID 11772 not found in process
[0401/171557.824:ERROR:process_reader_win.cc(123)] NtOpenThread: {Access Denied} A process has requested access to an object, but has not been granted those access rights. (0xc0000022)
[0401/171557.868:ERROR:exception_snapshot_win.cc(98)] thread ID 6664 not found in process
[0401/172409.362:ERROR:process_reader_win.cc(123)] NtOpenThread: {Access Denied} A process has requested access to an object, but has not been granted those access rights. (0xc0000022)
[0401/172409.416:ERROR:exception_snapshot_win.cc(98)] thread ID 2524 not found in process
[0401/173134.995:ERROR:process_reader_win.cc(123)] NtOpenThread: {Access Denied} A process has requested access to an object, but has not been granted those access rights. (0xc0000022)
[0401/173134.996:ERROR:exception_snapshot_win.cc(98)] thread ID 10556 not found in process
[0401/181021.268:ERROR:process_reader_win.cc(123)] NtOpenThread: {Access Denied} A process has requested access to an object, but has not been granted those access rights. (0xc0000022)
[0401/181021.330:ERROR:exception_snapshot_win.cc(98)] thread ID 10380 not found in process
[0402/112413.875:ERROR:process_reader_win.cc(151)] SuspendThread: Acceso denegado. (0x5)
[0402/112413.974:ERROR:process_reader_win.cc(151)] SuspendThread: Acceso denegado. (0x5)
[0402/112413.974:ERROR:process_reader_win.cc(151)] SuspendThread: Acceso denegado. (0x5)
[0402/112413.974:ERROR:process_reader_win.cc(123)] NtOpenThread: {Acceso denegado} Un proceso ha solicitado acceso a un objeto, pero no se le han concedido esos derechos de acceso. (0xc0000022)
[0402/112414.149:ERROR:exception_snapshot_win.cc(98)] thread ID 9372 not found in process
[0404/103341.597:ERROR:process_reader_win.cc(123)] NtOpenThread: {Acceso denegado} Un proceso ha solicitado acceso a un objeto, pero no se le han concedido esos derechos de acceso. (0xc0000022)
[0404/103341.628:ERROR:exception_snapshot_win.cc(98)] thread ID 1956 not found in process
[0404/103604.208:ERROR:process_reader_win.cc(123)] NtOpenThread: {Acceso denegado} Un proceso ha solicitado acceso a un objeto, pero no se le han concedido esos derechos de acceso. (0xc0000022)
[0404/103604.210:ERROR:exception_snapshot_win.cc(98)] thread ID 3120 not found in process
[0404/104247.817:ERROR:process_reader_win.cc(123)] NtOpenThread: {Acceso denegado} Un proceso ha solicitado acceso a un objeto, pero no se le han concedido esos derechos de acceso. (0xc0000022)
[0404/104247.818:ERROR:exception_snapshot_win.cc(98)] thread ID 6560 not found in process
[0404/104452.683:ERROR:process_reader_win.cc(123)] NtOpenThread: {Acceso denegado} Un proceso ha solicitado acceso a un objeto, pero no se le han concedido esos derechos de acceso. (0xc0000022)
[0404/104452.684:ERROR:exception_snapshot_win.cc(98)] thread ID 2624 not found in process
[0404/142753.376:ERROR:process_reader_win.cc(123)] NtOpenThread: {Access Denied} A process has requested access to an object, but has not been granted those access rights. (0xc0000022)
[0404/142753.598:ERROR:exception_snapshot_win.cc(98)] thread ID 12792 not found in process
[0404/143957.398:ERROR:process_reader_win.cc(123)] NtOpenThread: {Access Denied} A process has requested access to an object, but has not been granted those access rights. (0xc0000022)
[0404/143957.889:ERROR:exception_snapshot_win.cc(98)] thread ID 14584 not found in process
[0404/150029.103:ERROR:process_reader_win.cc(123)] NtOpenThread: {Access Denied} A process has requested access to an object, but has not been granted those access rights. (0xc0000022)
[0404/150029.157:ERROR:exception_snapshot_win.cc(98)] thread ID 3428 not found in process
[0404/150825.166:ERROR:process_reader_win.cc(123)] NtOpenThread: {Access Denied} A process has requested access to an object, but has not been granted those access rights. (0xc0000022)
[0404/150825.235:ERROR:exception_snapshot_win.cc(98)] thread ID 5788 not found in process
[0404/154840.812:ERROR:process_reader_win.cc(123)] NtOpenThread: {Access Denied} A process has requested access to an object, but has not been granted those access rights. (0xc0000022)
[0404/154840.874:ERROR:exception_snapshot_win.cc(98)] thread ID 14524 not found in process
[0408/134128.594:ERROR:process_reader_win.cc(123)] NtOpenThread: {Access Denied} A process has requested access to an object, but has not been granted those access rights. (0xc0000022)
[0408/134128.665:ERROR:exception_snapshot_win.cc(98)] thread ID 14304 not found in process
[0408/152318.093:ERROR:process_reader_win.cc(151)] SuspendThread: Access is denied. (0x5)
[0408/152318.094:ERROR:process_reader_win.cc(151)] SuspendThread: Access is denied. (0x5)
[0408/152318.094:ERROR:process_reader_win.cc(151)] SuspendThread: Access is denied. (0x5)
[0408/152318.094:ERROR:process_reader_win.cc(151)] SuspendThread: Access is denied. (0x5)
[0408/152318.094:ERROR:process_reader_win.cc(151)] SuspendThread: Access is denied. (0x5)
[0408/152318.094:ERROR:process_reader_win.cc(151)] SuspendThread: Access is denied. (0x5)
[0408/152318.095:ERROR:process_reader_win.cc(123)] NtOpenThread: {Access Denied} A process has requested access to an object, but has not been granted those access rights. (0xc0000022)
[0408/152318.096:ERROR:exception_snapshot_win.cc(98)] thread ID 14884 not found in process
[0408/152754.430:ERROR:process_reader_win.cc(151)] SuspendThread: Access is denied. (0x5)
[0408/152754.434:ERROR:process_reader_win.cc(151)] SuspendThread: Access is denied. (0x5)
[0408/152754.434:ERROR:process_reader_win.cc(151)] SuspendThread: Access is denied. (0x5)
[0408/152754.434:ERROR:process_reader_win.cc(123)] NtOpenThread: {Access Denied} A process has requested access to an object, but has not been granted those access rights. (0xc0000022)
[0408/152754.437:ERROR:exception_snapshot_win.cc(98)] thread ID 10424 not found in process
[0408/164158.592:ERROR:process_reader_win.cc(123)] NtOpenThread: {Access Denied} A process has requested access to an object, but has not been granted those access rights. (0xc0000022)
[0408/164158.595:ERROR:exception_snapshot_win.cc(98)] thread ID 12032 not found in process
[0408/165008.070:ERROR:process_reader_win.cc(123)] NtOpenThread: {Access Denied} A process has requested access to an object, but has not been granted those access rights. (0xc0000022)
[0408/165008.072:ERROR:exception_snapshot_win.cc(98)] thread ID 8092 not found in process
[0408/165520.156:ERROR:process_reader_win.cc(151)] SuspendThread: Access is denied. (0x5)
[0408/165520.157:ERROR:process_reader_win.cc(151)] SuspendThread: Access is denied. (0x5)
[0408/165520.157:ERROR:process_reader_win.cc(151)] SuspendThread: Access is denied. (0x5)
[0408/165520.157:ERROR:process_reader_win.cc(151)] SuspendThread: Access is denied. (0x5)
[0408/165520.157:ERROR:process_reader_win.cc(151)] SuspendThread: Access is denied. (0x5)
[0408/165520.157:ERROR:process_reader_win.cc(151)] SuspendThread: Access is denied. (0x5)
[0408/165520.157:ERROR:process_reader_win.cc(151)] SuspendThread: Access is denied. (0x5)
[0408/165520.157:ERROR:process_reader_win.cc(123)] NtOpenThread: {Access Denied} A process has requested access to an object, but has not been granted those access rights. (0xc0000022)
[0408/165520.165:ERROR:exception_snapshot_win.cc(98)] thread ID 14596 not found in process
[0409/173406.029:ERROR:process_reader_win.cc(123)] NtOpenThread: {Access Denied} A process has requested access to an object, but has not been granted those access rights. (0xc0000022)
[0409/173406.061:ERROR:exception_snapshot_win.cc(98)] thread ID 12040 not found in process
[0409/173853.576:ERROR:process_reader_win.cc(123)] NtOpenThread: {Access Denied} A process has requested access to an object, but has not been granted those access rights. (0xc0000022)
[0409/173853.578:ERROR:exception_snapshot_win.cc(98)] thread ID 6992 not found in process
[0409/183034.084:ERROR:process_reader_win.cc(123)] NtOpenThread: {Access Denied} A process has requested access to an object, but has not been granted those access rights. (0xc0000022)
[0409/183034.086:ERROR:exception_snapshot_win.cc(98)] thread ID 13192 not found in process
[0410/171547.577:ERROR:process_reader_win.cc(123)] NtOpenThread: {Access Denied} A process has requested access to an object, but has not been granted those access rights. (0xc0000022)
[0410/171547.594:ERROR:exception_snapshot_win.cc(98)] thread ID 14200 not found in process
[0410/174007.370:ERROR:process_reader_win.cc(123)] NtOpenThread: {Access Denied} A process has requested access to an object, but has not been granted those access rights. (0xc0000022)
[0410/174007.371:ERROR:exception_snapshot_win.cc(98)] thread ID 12160 not found in process
[0410/182352.829:ERROR:process_reader_win.cc(123)] NtOpenThread: {Access Denied} A process has requested access to an object, but has not been granted those access rights. (0xc0000022)
[0410/182352.889:ERROR:exception_snapshot_win.cc(98)] thread ID 10460 not found in process
[0410/183000.762:ERROR:process_reader_win.cc(123)] NtOpenThread: {Access Denied} A process has requested access to an object, but has not been granted those access rights. (0xc0000022)
[0410/183000.895:ERROR:exception_snapshot_win.cc(98)] thread ID 11924 not found in process
[0410/183506.409:ERROR:process_reader_win.cc(123)] NtOpenThread: {Access Denied} A process has requested access to an object, but has not been granted those access rights. (0xc0000022)
[0410/183506.465:ERROR:exception_snapshot_win.cc(98)] thread ID 8484 not found in process
[0410/184257.609:ERROR:process_reader_win.cc(123)] NtOpenThread: {Access Denied} A process has requested access to an object, but has not been granted those access rights. (0xc0000022)
[0410/184257.697:ERROR:exception_snapshot_win.cc(98)] thread ID 13008 not found in process
[0410/184259.144:ERROR:process_reader_win.cc(123)] NtOpenThread: {Access Denied} A process has requested access to an object, but has not been granted those access rights. (0xc0000022)
[0410/184259.147:ERROR:exception_snapshot_win.cc(98)] thread ID 6928 not found in process
[0410/190911.949:ERROR:process_reader_win.cc(123)] NtOpenThread: {Access Denied} A process has requested access to an object, but has not been granted those access rights. (0xc0000022)
[0410/190912.013:ERROR:exception_snapshot_win.cc(98)] thread ID 188 not found in process
[0410/192011.368:ERROR:process_reader_win.cc(123)] NtOpenThread: {Access Denied} A process has requested access to an object, but has not been granted those access rights. (0xc0000022)
[0410/192011.370:ERROR:exception_snapshot_win.cc(98)] thread ID 13552 not found in process
[0410/193924.573:ERROR:process_reader_win.cc(123)] NtOpenThread: {Access Denied} A process has requested access to an object, but has not been granted those access rights. (0xc0000022)
[0410/193924.662:ERROR:exception_snapshot_win.cc(98)] thread ID 14104 not found in process
[0411/123519.838:ERROR:process_reader_win.cc(123)] NtOpenThread: {Access Denied} A process has requested access to an object, but has not been granted those access rights. (0xc0000022)
[0411/123519.898:ERROR:exception_snapshot_win.cc(98)] thread ID 12464 not found in process
[0411/124409.030:ERROR:process_reader_win.cc(123)] NtOpenThread: {Access Denied} A process has requested access to an object, but has not been granted those access rights. (0xc0000022)
[0411/124409.032:ERROR:exception_snapshot_win.cc(98)] thread ID 16240 not found in process
